[ 2017-07-01T10:16:45+08:00 ] 127.0.0.1 /tdxy-questionnaire/index.php/Back/ShowData/suggest.html
ERR: 非法操作:suggest

[ 2017-07-01T10:32:38+08:00 ] 127.0.0.1 /tdxy-questionnaire/index.php/Back/ShowData/suggest.html
ERR: 非法操作:suggest

[ 2017-07-01T20:32:22+08:00 ] ::1 /tdxy-questionnaire/index.php/Back/Admin/login.html
ERR: SQLSTATE[HY000] [1045] Access denied for user 'root'@'localhost' (using password: YES)

[ 2017-07-01T20:33:22+08:00 ] ::1 /tdxy-questionnaire/index.php/Back/Upload/upload.html
ERR: syntax error, unexpected 'public' (T_PUBLIC)

[ 2017-07-01T20:34:31+08:00 ] ::1 /tdxy-questionnaire/index.php/Back/Upload/upload.html
ERR: syntax error, unexpected 'public' (T_PUBLIC)

[ 2017-07-01T20:40:19+08:00 ] ::1 /tdxy-questionnaire/index.php/Back/Upload/upload.html
ERR: syntax error, unexpected 'public' (T_PUBLIC)

[ 2017-07-01T20:44:07+08:00 ] ::1 /tdxy-questionnaire/index.php/Back/Upload/upload.html
ERR: syntax error, unexpected 'public' (T_PUBLIC)

[ 2017-07-01T20:44:11+08:00 ] ::1 /tdxy-questionnaire/index.php/Back/Upload/upload.html
ERR: syntax error, unexpected 'public' (T_PUBLIC)

[ 2017-07-01T20:44:14+08:00 ] ::1 /tdxy-questionnaire/index.php/Back/Upload/upload.html
ERR: syntax error, unexpected 'public' (T_PUBLIC)

[ 2017-07-01T20:46:49+08:00 ] ::1 /tdxy-questionnaire/index.php/Back/Upload/upload.html
ERR: syntax error, unexpected '}', expecting end of file

[ 2017-07-01T20:50:52+08:00 ] ::1 /tdxy-questionnaire/index.php/Back/Upload/upload.html
ERR: syntax error, unexpected 'public' (T_PUBLIC)

[ 2017-07-01T20:51:13+08:00 ] ::1 /tdxy-questionnaire/index.php/Back/Upload/upload.html
ERR: syntax error, unexpected end of file, expecting function (T_FUNCTION) or const (T_CONST)

[ 2017-07-01T20:57:51+08:00 ] ::1 /tdxy-questionnaire/index.php/Back/Upload/upload.html
ERR: syntax error, unexpected 'ini_set' (T_STRING), expecting function (T_FUNCTION) or const (T_CONST)

[ 2017-07-01T20:58:04+08:00 ] ::1 /tdxy-questionnaire/index.php/Back/Upload/upload.html
ERR: syntax error, unexpected 'ini_set' (T_STRING), expecting function (T_FUNCTION) or const (T_CONST)

[ 2017-07-01T21:00:12+08:00 ] ::1 /tdxy-questionnaire/index.php/Back/Upload/upload.html
ERR: Could not open  for reading! File does not exist, or it is not readable.

[ 2017-07-01T21:01:00+08:00 ] ::1 /tdxy-questionnaire/index.php/Back/Upload/upload.html
ERR: Could not open Array for reading! File does not exist, or it is not readable.

[ 2017-07-01T21:25:41+08:00 ] ::1 /tdxy-questionnaire/index.php/Back/Upload/upload.html
ERR: Could not open Array for reading! File does not exist, or it is not readable.

[ 2017-07-01T21:26:24+08:00 ] ::1 /tdxy-questionnaire/index.php/Back/Upload/upload.html
ERR: Could not open Array for reading! File does not exist, or it is not readable.

[ 2017-07-01T21:31:21+08:00 ] ::1 /tdxy-questionnaire/index.php/Back/Upload/upload.html
ERR: Could not open Array for reading! File does not exist, or it is not readable.

[ 2017-07-01T21:32:10+08:00 ] ::1 /tdxy-questionnaire/index.php/Back/Upload/upload.html
ERR: Could not open /Upload/2017-07-01/5957a459efa21.xls for reading! File does not exist, or it is not readable.

[ 2017-07-01T21:34:04+08:00 ] ::1 /tdxy-questionnaire/index.php/Back/Upload/upload.html
ERR: Could not open /Upload/2017-07-01/5957a4cca083a.xls for reading! File does not exist, or it is not readable.

[ 2017-07-01T21:35:24+08:00 ] ::1 /tdxy-questionnaire/index.php/Back/Upload/upload.html
ERR: Could not open /Upload/2017-07-01/5957a51c68bc2.xls for reading! File does not exist, or it is not readable.

[ 2017-07-01T21:37:21+08:00 ] ::1 /tdxy-questionnaire/index.php/Back/Upload/upload.html
ERR: syntax error, unexpected '/'

[ 2017-07-01T21:37:39+08:00 ] ::1 /tdxy-questionnaire/index.php/Back/Upload/upload.html
ERR: Could not open /Upload/2017-07-01/5957a5a391df6.xls for reading! File does not exist, or it is not readable.

[ 2017-07-01T21:37:56+08:00 ] ::1 /tdxy-questionnaire/index.php/Back/Upload/upload.html
ERR: Could not open /Upload/2017-07-01/5957a5b4b2941.xls for reading! File does not exist, or it is not readable.

