[ 2017-07-02T20:51:39+08:00 ] ::1 /tdxy-questionnaire/index.php/Back/Upload/model.xls
ERR: 非法操作:model.xls

[ 2017-07-02T20:53:15+08:00 ] ::1 /tdxy-questionnaire/index.php/Back/Upload/xxx.xls
ERR: 非法操作:xxx.xls

[ 2017-07-02T20:53:19+08:00 ] ::1 /tdxy-questionnaire/index.php/Back/Upload/xxx.xls
ERR: 非法操作:xxx.xls

[ 2017-07-02T20:54:20+08:00 ] ::1 /tdxy-questionnaire/index.php/Back/Upload/xxx.xls
ERR: 非法操作:xxx.xls

[ 2017-07-02T20:54:22+08:00 ] ::1 /tdxy-questionnaire/index.php/Back/Upload/xxx.xls
ERR: 非法操作:xxx.xls

[ 2017-07-02T20:54:23+08:00 ] ::1 /tdxy-questionnaire/index.php/Back/Upload/xxx.xls
ERR: 非法操作:xxx.xls

[ 2017-07-02T20:54:26+08:00 ] ::1 /tdxy-questionnaire/index.php/Back/Upload/xxx.xls
ERR: 非法操作:xxx.xls

[ 2017-07-02T20:54:38+08:00 ] ::1 /tdxy-questionnaire/index.php/Back/Upload/xxx.xls
ERR: 非法操作:xxx.xls

[ 2017-07-02T20:54:39+08:00 ] ::1 /tdxy-questionnaire/index.php/Back/Upload/xxx.xls
ERR: 非法操作:xxx.xls

[ 2017-07-02T20:54:42+08:00 ] ::1 /tdxy-questionnaire/index.php/Back/Upload/xxx.xls
ERR: 非法操作:xxx.xls

[ 2017-07-02T20:55:00+08:00 ] ::1 /tdxy-questionnaire/index.php/Back/Upload/xxx.xls
ERR: 非法操作:xxx.xls

[ 2017-07-02T20:55:07+08:00 ] ::1 /tdxy-questionnaire/index.php/Back/Upload/
ERR: 非法操作:index

[ 2017-07-02T20:55:15+08:00 ] ::1 /tdxy-questionnaire/index.php/Back/
ERR: 无法加载控制器:Index

[ 2017-07-02T20:55:33+08:00 ] ::1 /tdxy-questionnaire/index.php/Back/
ERR: 无法加载控制器:Index

[ 2017-07-02T20:55:35+08:00 ] ::1 /tdxy-questionnaire/index.php/Back/Upload/
ERR: 非法操作:index

[ 2017-07-02T20:55:36+08:00 ] ::1 /tdxy-questionnaire/index.php/Back/Upload/xxx.xls
ERR: 非法操作:xxx.xls

[ 2017-07-02T20:55:38+08:00 ] ::1 /tdxy-questionnaire/index.php/Back/Upload/xxx.xls
ERR: 非法操作:xxx.xls

[ 2017-07-02T20:55:40+08:00 ] ::1 /tdxy-questionnaire/index.php/Back/Upload/xxx.xls
ERR: 非法操作:xxx.xls

[ 2017-07-02T20:55:42+08:00 ] ::1 /tdxy-questionnaire/index.php/Back/Upload/xxx.xls
ERR: 非法操作:xxx.xls

