[ 2017-07-07T00:21:04+08:00 ] ::1 /tdxy-questionnaire/index.php/Back/Admin/login.html
ERR: SQLSTATE[42000]: Syntax error or access violation: 1064 You have an error in your SQL syntax; check the manual that corresponds to your MySQL server version for the right syntax to use near '' at line 1

[ 2017-07-07T12:13:27+08:00 ] ::1 /tdxy-questionnaire/index.php/Back/Admin/layout.html?username=finan
ERR: syntax error, unexpected '>'

[ 2017-07-07T12:13:32+08:00 ] ::1 /tdxy-questionnaire/index.php/Back/Admin/layout.html?username=finan
ERR: syntax error, unexpected '>'

[ 2017-07-07T12:14:17+08:00 ] ::1 /tdxy-questionnaire/index.php/Back/Admin/layout.html?username=finan
ERR: syntax error, unexpected '' (T_ENCAPSED_AND_WHITESPACE), expecting '-' or identifier (T_STRING) or variable (T_VARIABLE) or number (T_NUM_STRING)

[ 2017-07-07T12:14:38+08:00 ] ::1 /tdxy-questionnaire/index.php/Back/Admin/layout.html?username=finan
ERR: syntax error, unexpected '' (T_ENCAPSED_AND_WHITESPACE), expecting '-' or identifier (T_STRING) or variable (T_VARIABLE) or number (T_NUM_STRING)

[ 2017-07-07T12:14:48+08:00 ] ::1 /tdxy-questionnaire/index.php/Back/Admin/login.html
ERR: syntax error, unexpected '' (T_ENCAPSED_AND_WHITESPACE), expecting '-' or identifier (T_STRING) or variable (T_VARIABLE) or number (T_NUM_STRING)

[ 2017-07-07T12:15:38+08:00 ] ::1 /tdxy-questionnaire/index.php/Back/Admin/login.html
ERR: Cannot use object of type Think\Model as array

[ 2017-07-07T12:19:09+08:00 ] ::1 /tdxy-questionnaire/index.php/Back/Admin/login.html
ERR: Cannot use object of type Think\Model as array

[ 2017-07-07T12:20:31+08:00 ] ::1 /tdxy-questionnaire/index.php/Back/Admin/login.html
ERR: Cannot use object of type Think\Model as array

[ 2017-07-07T12:24:53+08:00 ] ::1 /tdxy-questionnaire/index.php/Back/Admin/login.html
ERR: Cannot use object of type Think\Model as array

[ 2017-07-07T12:25:32+08:00 ] ::1 /tdxy-questionnaire/index.php/Back/Admin/login.html
ERR: Cannot use object of type Think\Model as array

[ 2017-07-07T12:26:09+08:00 ] ::1 /tdxy-questionnaire/index.php/Back/Admin/login.html
ERR: Call to a member function query() on array

[ 2017-07-07T14:53:16+08:00 ] ::1 /tdxy-questionnaire/index.php/Back/Admin/login.html
ERR: Call to a member function query() on array

[ 2017-07-07T14:53:44+08:00 ] ::1 /tdxy-questionnaire/index.php/Back/Admin/login.html
ERR: Call to a member function query() on array

[ 2017-07-07T14:54:45+08:00 ] ::1 /tdxy-questionnaire/index.php/Back/Admin/login.html
ERR: Call to a member function query() on array

[ 2017-07-07T14:55:15+08:00 ] ::1 /tdxy-questionnaire/index.php/Back/Admin/login.html
ERR: Call to a member function query() on array

[ 2017-07-07T14:56:47+08:00 ] ::1 /tdxy-questionnaire/index.php/Back/Admin/login.html
ERR: Call to a member function query() on array

[ 2017-07-07T14:57:23+08:00 ] ::1 /tdxy-questionnaire/index.php/Back/Admin/login.html
ERR: Call to a member function query() on array

[ 2017-07-07T14:58:19+08:00 ] ::1 /tdxy-questionnaire/index.php/Back/Admin/login.html
ERR: Call to a member function query() on array

[ 2017-07-07T14:58:50+08:00 ] ::1 /tdxy-questionnaire/index.php/Back/Admin/login.html
ERR: Call to a member function query() on array

[ 2017-07-07T15:02:35+08:00 ] ::1 /tdxy-questionnaire/index.php/Back/Admin/login.html
ERR: Cannot use object of type Think\Model as array

[ 2017-07-07T15:03:15+08:00 ] ::1 /tdxy-questionnaire/index.php/Back/Admin/login.html
ERR: Cannot use object of type Think\Model as array

[ 2017-07-07T15:45:31+08:00 ] ::1 /tdxy-questionnaire/index.php/Back/Admin/login.html
ERR: Call to a member function query() on array

[ 2017-07-07T16:07:26+08:00 ] ::1 /tdxy-questionnaire/index.php/Back/Admin/login.html
ERR: SQLSTATE[42S22]: Column not found: 1054 Unknown column 'finan' in 'where clause'

[ 2017-07-07T16:07:59+08:00 ] ::1 /tdxy-questionnaire/index.php/Back/Admin/login.html
ERR: SQLSTATE[42S22]: Column not found: 1054 Unknown column 'stat' in 'where clause'

[ 2017-07-07T16:10:23+08:00 ] ::1 /tdxy-questionnaire/index.php/Back/Admin/login.html
ERR: SQLSTATE[42000]: Syntax error or access violation: 1064 You have an error in your SQL syntax; check the manual that corresponds to your MySQL server version for the right syntax to use near 'WHERE iuser=stat' at line 1

[ 2017-07-07T16:14:37+08:00 ] ::1 /tdxy-questionnaire/index.php/Back/Admin/login.html
ERR: SQLSTATE[42000]: Syntax error or access violation: 1064 You have an error in your SQL syntax; check the manual that corresponds to your MySQL server version for the right syntax to use near 'WHERE iuser='stat'' at line 1

[ 2017-07-07T16:17:29+08:00 ] ::1 /tdxy-questionnaire/index.php/Back/Admin/login.html
ERR: SQLSTATE[42000]: Syntax error or access violation: 1064 You have an error in your SQL syntax; check the manual that corresponds to your MySQL server version for the right syntax to use near 'WHERE iuser='admin'' at line 1

[ 2017-07-07T16:18:00+08:00 ] ::1 /tdxy-questionnaire/index.php/Back/Admin/login.html
ERR: syntax error, unexpected 'Admin' (T_STRING)

[ 2017-07-07T16:21:50+08:00 ] ::1 /tdxy-questionnaire/index.php/Back/Admin/login.html
ERR: syntax error, unexpected 'Admin' (T_STRING)

[ 2017-07-07T16:22:04+08:00 ] ::1 /tdxy-questionnaire/index.php/Back/Admin/login.html
ERR: SQLSTATE[42000]: Syntax error or access violation: 1064 You have an error in your SQL syntax; check the manual that corresponds to your MySQL server version for the right syntax to use near 'WHERE iuser='admin'' at line 1

[ 2017-07-07T16:22:39+08:00 ] ::1 /tdxy-questionnaire/index.php/Back/Admin/login.html
ERR: SQLSTATE[42000]: Syntax error or access violation: 1064 You have an error in your SQL syntax; check the manual that corresponds to your MySQL server version for the right syntax to use near 'WHERE iuser=admin' at line 1

[ 2017-07-07T16:23:30+08:00 ] ::1 /tdxy-questionnaire/index.php/Back/Admin/login.html
ERR: SQLSTATE[42000]: Syntax error or access violation: 1064 You have an error in your SQL syntax; check the manual that corresponds to your MySQL server version for the right syntax to use near ''admin''' at line 1

[ 2017-07-07T16:29:44+08:00 ] ::1 /tdxy-questionnaire/index.php/Back/Admin/login.html
ERR: syntax error, unexpected '用户名或密码错误' (T_STRING)

[ 2017-07-07T16:29:54+08:00 ] ::1 /tdxy-questionnaire/index.php/Back/Admin/verifyImg.html
ERR: syntax error, unexpected '用户名或密码错误' (T_STRING)

[ 2017-07-07T16:29:55+08:00 ] ::1 /tdxy-questionnaire/index.php/Back/Admin/verifyImg.html
ERR: syntax error, unexpected '用户名或密码错误' (T_STRING)

[ 2017-07-07T16:29:55+08:00 ] ::1 /tdxy-questionnaire/index.php/Back/Admin/verifyImg.html
ERR: syntax error, unexpected '用户名或密码错误' (T_STRING)

[ 2017-07-07T16:29:56+08:00 ] ::1 /tdxy-questionnaire/index.php/Back/Admin/verifyImg.html
ERR: syntax error, unexpected '用户名或密码错误' (T_STRING)

[ 2017-07-07T16:29:56+08:00 ] ::1 /tdxy-questionnaire/index.php/Back/Admin/verifyImg.html
ERR: syntax error, unexpected '用户名或密码错误' (T_STRING)

[ 2017-07-07T16:29:59+08:00 ] ::1 /tdxy-questionnaire/index.php/Back/Admin/login.html
ERR: syntax error, unexpected '用户名或密码错误' (T_STRING)

[ 2017-07-07T16:30:38+08:00 ] ::1 /tdxy-questionnaire/index.php/Back/Admin/login.html
ERR: SQLSTATE[42S22]: Column not found: 1054 Unknown column 'lastlogintime' in 'field list'

[ 2017-07-07T16:39:10+08:00 ] ::1 /tdxy-questionnaire/index.php/Back/Admin/login.html
ERR: SQLSTATE[42000]: Syntax error or access violation: 1064 You have an error in your SQL syntax; check the manual that corresponds to your MySQL server version for the right syntax to use near 'stat' ' WHERE iuser = 'stat'' at line 1

[ 2017-07-07T16:41:01+08:00 ] ::1 /tdxy-questionnaire/index.php/Back/Admin/login.html
ERR: syntax error, unexpected 'D' (T_STRING)

[ 2017-07-07T17:06:07+08:00 ] ::1 /tdxy-questionnaire/index.php/Back/Admin/login.html
ERR: SQLSTATE[42000]: Syntax error or access violation: 1064 You have an error in your SQL syntax; check the manual that corresponds to your MySQL server version for the right syntax to use near 'stat'' WHERE iuser = 'stat'' at line 1

[ 2017-07-07T20:30:21+08:00 ] ::1 /tdxy-questionnaire/index.php/Back/Modify/modify.html
ERR: 无法加载控制器:Modify

[ 2017-07-07T20:39:18+08:00 ] ::1 /tdxy-questionnaire/
ERR: 无法加载控制器:Index

[ 2017-07-07T20:39:35+08:00 ] ::1 /tdxy-questionnaire/index.php
ERR: 无法加载控制器:Index

